[2017-10-27 14:46:56:563] [WARN] Could not retrieve parameter URE:BC:complexity-penalty for rule-based system go-rbs. Use default value 0 instead.
[2017-10-27 14:46:56:564] [WARN] Could not retrieve parameter URE:BC:maximum-bit-size for rule-based system go-rbs. Use default value -1 instead.
[2017-10-27 14:54:53:870] [WARN] validate_clauses: Constant clauses removed from pattern (BindLink
  (UnquoteLink
    (VariableNode "$TyVs")
  )
  (AndLink
    (UnquoteLink
      (LocalQuoteLink
        (LocalQuoteLink
          (VariableNode "$P")
        )
      )
    )
    (EvaluationLink
      (GroundedPredicateNode "scm: true-enough")
      (UnquoteLink
        (VariableNode "$P")
      )
    )
  )
  (ExecutionOutputLink
    (GroundedSchemaNode "scm: conditional-full-instantiation-formula")
    (UnquoteLink
      (ListLink
        (VariableNode "$Q")
        (QuoteLink
          (ImplicationScopeLink
            (UnquoteLink
              (VariableNode "$TyVs")
            )
            (UnquoteLink
              (VariableNode "$P")
            )
            (UnquoteLink
              (VariableNode "$Q")
            )
          )
        )
        (VariableNode "$P")
      )
    )
  )
)

[2017-10-27 14:54:53:870] [WARN] validate_clauses: Removed (UnquoteLink
  (LocalQuoteLink
    (LocalQuoteLink
      (VariableNode "$P")
    )
  )
)

[2017-10-27 14:54:53:870] [WARN] validate_clauses: Constant clauses removed from pattern (BindLink
  (UnquoteLink
    (VariableNode "$TyVs")
  )
  (AndLink
    (UnquoteLink
      (LocalQuoteLink
        (LocalQuoteLink
          (VariableNode "$P")
        )
      )
    )
    (EvaluationLink
      (GroundedPredicateNode "scm: true-enough")
      (UnquoteLink
        (VariableNode "$P")
      )
    )
  )
  (ExecutionOutputLink
    (GroundedSchemaNode "scm: conditional-full-instantiation-formula")
    (UnquoteLink
      (ListLink
        (VariableNode "$Q")
        (QuoteLink
          (ImplicationScopeLink
            (UnquoteLink
              (VariableNode "$TyVs")
            )
            (UnquoteLink
              (VariableNode "$P")
            )
            (UnquoteLink
              (VariableNode "$Q")
            )
          )
        )
        (VariableNode "$P")
      )
    )
  )
)

[2017-10-27 14:54:53:870] [WARN] validate_clauses: Removed (UnquoteLink
  (LocalQuoteLink
    (LocalQuoteLink
      (VariableNode "$P")
    )
  )
)

[2017-10-27 14:57:27:225] [WARN] Could not retrieve parameter URE:BC:complexity-penalty for rule-based system go-rbs. Use default value 0 instead.
[2017-10-27 14:57:27:226] [WARN] Could not retrieve parameter URE:BC:maximum-bit-size for rule-based system go-rbs. Use default value -1 instead.
[2017-10-27 14:57:41:482] [WARN] Could not retrieve parameter URE:BC:complexity-penalty for rule-based system go-rbs. Use default value 0 instead.
[2017-10-27 14:57:41:483] [WARN] Could not retrieve parameter URE:BC:maximum-bit-size for rule-based system go-rbs. Use default value -1 instead.
[2017-10-27 15:03:16:778] [WARN] Could not retrieve parameter URE:BC:complexity-penalty for rule-based system go-rbs. Use default value 0 instead.
[2017-10-27 15:03:16:779] [WARN] Could not retrieve parameter URE:BC:maximum-bit-size for rule-based system go-rbs. Use default value -1 instead.
[2017-10-27 15:20:49:886] [WARN] Could not retrieve parameter URE:BC:complexity-penalty for rule-based system go-rbs. Use default value 0 instead.
[2017-10-27 15:20:49:887] [WARN] Could not retrieve parameter URE:BC:maximum-bit-size for rule-based system go-rbs. Use default value -1 instead.
[2017-10-30 14:45:24:557] [WARN] Could not retrieve parameter URE:BC:complexity-penalty for rule-based system go-rbs. Use default value 0 instead.
[2017-10-30 14:45:24:557] [WARN] Could not retrieve parameter URE:BC:maximum-bit-size for rule-based system go-rbs. Use default value -1 instead.
[2017-10-30 14:51:22:914] [WARN] validate_clauses: Constant clauses removed from pattern (BindLink
  (UnquoteLink
    (VariableNode "$TyVs")
  )
  (AndLink
    (UnquoteLink
      (LocalQuoteLink
        (LocalQuoteLink
          (VariableNode "$P")
        )
      )
    )
    (EvaluationLink
      (GroundedPredicateNode "scm: true-enough")
      (UnquoteLink
        (VariableNode "$P")
      )
    )
  )
  (ExecutionOutputLink
    (GroundedSchemaNode "scm: conditional-full-instantiation-formula")
    (UnquoteLink
      (ListLink
        (VariableNode "$Q")
        (QuoteLink
          (ImplicationScopeLink
            (UnquoteLink
              (VariableNode "$TyVs")
            )
            (UnquoteLink
              (VariableNode "$P")
            )
            (UnquoteLink
              (VariableNode "$Q")
            )
          )
        )
        (VariableNode "$P")
      )
    )
  )
)

[2017-10-30 14:51:22:914] [WARN] validate_clauses: Removed (UnquoteLink
  (LocalQuoteLink
    (LocalQuoteLink
      (VariableNode "$P")
    )
  )
)

[2017-10-30 14:51:22:914] [WARN] validate_clauses: Constant clauses removed from pattern (BindLink
  (UnquoteLink
    (VariableNode "$TyVs")
  )
  (AndLink
    (UnquoteLink
      (LocalQuoteLink
        (LocalQuoteLink
          (VariableNode "$P")
        )
      )
    )
    (EvaluationLink
      (GroundedPredicateNode "scm: true-enough")
      (UnquoteLink
        (VariableNode "$P")
      )
    )
  )
  (ExecutionOutputLink
    (GroundedSchemaNode "scm: conditional-full-instantiation-formula")
    (UnquoteLink
      (ListLink
        (VariableNode "$Q")
        (QuoteLink
          (ImplicationScopeLink
            (UnquoteLink
              (VariableNode "$TyVs")
            )
            (UnquoteLink
              (VariableNode "$P")
            )
            (UnquoteLink
              (VariableNode "$Q")
            )
          )
        )
        (VariableNode "$P")
      )
    )
  )
)

[2017-10-30 14:51:22:914] [WARN] validate_clauses: Removed (UnquoteLink
  (LocalQuoteLink
    (LocalQuoteLink
      (VariableNode "$P")
    )
  )
)

